{"/home/sr/work/productsbrowser/src/lib.ts": {"path":"/home/sr/work/productsbrowser/src/lib.ts","statementMap":{"0":{"start":{"line":3,"column":4},"end":{"line":4,"column":null}},"1":{"start":{"line":4,"column":8},"end":{"line":4,"column":null}},"2":{"start":{"line":6,"column":4},"end":{"line":6,"column":null}}},"fnMap":{"0":{"name":"mult","decl":{"start":{"line":2,"column":16},"end":{"line":2,"column":21}},"loc":{"start":{"line":2,"column":43},"end":{"line":6,"column":null}},"line":2}},"branchMap":{"0":{"loc":{"start":{"line":3,"column":4},"end":{"line":4,"column":null}},"type":"if","locations":[{"start":{"line":3,"column":4},"end":{"line":4,"column":null}},{"start":{},"end":{}}],"line":3}},"s":{"0":2,"1":1,"2":1},"f":{"0":2},"b":{"0":[1,1]},"meta":{"lastBranch":1,"lastFunction":1,"lastStatement":3,"seen":{"f:2:16:2:21":0,"b:3:4:4:Infinity:undefined:undefined:undefined:undefined":0,"s:3:4:4:Infinity":0,"s:4:8:4:Infinity":1,"s:6:4:6:Infinity":2}}}
}
