{"/home/sr/work/productsbrowser/src/lib/math.ts": {"path":"/home/sr/work/productsbrowser/src/lib/math.ts","statementMap":{"0":{"start":{"line":4,"column":4},"end":{"line":5,"column":null}},"1":{"start":{"line":5,"column":8},"end":{"line":5,"column":null}},"2":{"start":{"line":7,"column":4},"end":{"line":7,"column":null}}},"fnMap":{"0":{"name":"multiply","decl":{"start":{"line":3,"column":9},"end":{"line":3,"column":18}},"loc":{"start":{"line":3,"column":40},"end":{"line":7,"column":null}},"line":3}},"branchMap":{"0":{"loc":{"start":{"line":4,"column":4},"end":{"line":5,"column":null}},"type":"if","locations":[{"start":{"line":4,"column":4},"end":{"line":5,"column":null}},{"start":{},"end":{}}],"line":4}},"s":{"0":1,"1":0,"2":1},"f":{"0":1},"b":{"0":[0,1]},"meta":{"lastBranch":1,"lastFunction":1,"lastStatement":3,"seen":{"f:3:9:3:18":0,"b:4:4:5:Infinity:undefined:undefined:undefined:undefined":0,"s:4:4:5:Infinity":0,"s:5:8:5:Infinity":1,"s:7:4:7:Infinity":2}}}
}
